# JRE version: OpenJDK Runtime Environment (17.0.11) (build 17.0.11+0--11852314)
# Java VM: OpenJDK 64-Bit Server VM (17.0.11+0--11852314, mixed mode, tiered, compressed oops, compressed class ptrs, g1 gc, windows-amd64)
GC Precious Log:
 CPUs: 8 total, 8 available
 Memory: 5877M
 Large Page Support: Disabled
 NUMA Support: Disabled
 Compressed Oops: Enabled (Zero based)
 Heap Region Size: 2M
 Heap Min Capacity: 8M
 Heap Initial Capacity: 92M
 Heap Max Capacity: 4G
 Pre-touch: Disabled
 Parallel Workers: 8
 Concurrent Workers: 2
 Concurrent Refinement Workers: 8
 Periodic GC: Disabled
Heap:
 garbage-first heap   total 235520K, used 149504K [0x0000000700000000, 0x0000000800000000)
  region size 2048K, 11 young (22528K), 1 survivors (2048K)
 Metaspace       used 110468K, committed 111424K, reserved 1179648K
  class space    used 15280K, committed 15744K, reserved 1048576K
GC Heap History (20 events):
Event: 17.060 GC heap before
{Heap before GC invocations=49 (full 0):
 garbage-first heap   total 184320K, used 140731K [0x0000000700000000, 0x0000000800000000)
  region size 2048K, 21 young (43008K), 2 survivors (4096K)
 Metaspace       used 88965K, committed 89728K, reserved 1179648K
  class space    used 12171K, committed 12544K, reserved 1048576K
}
Event: 17.064 GC heap after
{Heap after GC invocations=50 (full 0):
 garbage-first heap   total 184320K, used 105152K [0x0000000700000000, 0x0000000800000000)
  region size 2048K, 1 young (2048K), 1 survivors (2048K)
 Metaspace       used 88965K, committed 89728K, reserved 1179648K
  class space    used 12171K, committed 12544K, reserved 1048576K
}
Event: 17.992 GC heap before
{Heap before GC invocations=50 (full 0):
 garbage-first heap   total 184320K, used 148160K [0x0000000700000000, 0x0000000800000000)
  region size 2048K, 22 young (45056K), 1 survivors (2048K)
 Metaspace       used 92115K, committed 92864K, reserved 1179648K
  class space    used 12771K, committed 13120K, reserved 1048576K
}
Event: 17.995 GC heap after
{Heap after GC invocations=51 (full 0):
 garbage-first heap   total 184320K, used 106585K [0x0000000700000000, 0x0000000800000000)
  region size 2048K, 2 young (4096K), 2 survivors (4096K)
 Metaspace       used 92115K, committed 92864K, reserved 1179648K
  class space    used 12771K, committed 13120K, reserved 1048576K
}
Event: 18.538 GC heap before
{Heap before GC invocations=52 (full 0):
 garbage-first heap   total 192512K, used 147545K [0x0000000700000000, 0x0000000800000000)
  region size 2048K, 22 young (45056K), 2 survivors (4096K)
 Metaspace       used 94126K, committed 94848K, reserved 1179648K
  class space    used 13064K, committed 13440K, reserved 1048576K
}
Event: 18.543 GC heap after
{Heap after GC invocations=53 (full 0):
 garbage-first heap   total 192512K, used 109672K [0x0000000700000000, 0x0000000800000000)
  region size 2048K, 3 young (6144K), 3 survivors (6144K)
 Metaspace       used 94126K, committed 94848K, reserved 1179648K
  class space    used 13064K, committed 13440K, reserved 1048576K
}
Event: 19.084 GC heap before
{Heap before GC invocations=53 (full 0):
 garbage-first heap   total 192512K, used 156776K [0x0000000700000000, 0x0000000800000000)
  region size 2048K, 26 young (53248K), 3 survivors (6144K)
 Metaspace       used 95830K, committed 96576K, reserved 1179648K
  class space    used 13329K, committed 13696K, reserved 1048576K
}
Event: 19.090 GC heap after
{Heap after GC invocations=54 (full 0):
 garbage-first heap   total 192512K, used 114499K [0x0000000700000000, 0x0000000800000000)
  region size 2048K, 4 young (8192K), 4 survivors (8192K)
 Metaspace       used 95830K, committed 96576K, reserved 1179648K
  class space    used 13329K, committed 13696K, reserved 1048576K
}
Event: 19.890 GC heap before
{Heap before GC invocations=55 (full 0):
 garbage-first heap   total 202752K, used 157507K [0x0000000700000000, 0x0000000800000000)
  region size 2048K, 25 young (51200K), 4 survivors (8192K)
 Metaspace       used 100318K, committed 101120K, reserved 1179648K
  class space    used 13991K, committed 14336K, reserved 1048576K
}
Event: 19.896 GC heap after
{Heap after GC invocations=56 (full 0):
 garbage-first heap   total 202752K, used 117289K [0x0000000700000000, 0x0000000800000000)
  region size 2048K, 2 young (4096K), 2 survivors (4096K)
 Metaspace       used 100318K, committed 101120K, reserved 1179648K
  class space    used 13991K, committed 14336K, reserved 1048576K
}
Event: 20.640 GC heap before
{Heap before GC invocations=56 (full 0):
 garbage-first heap   total 202752K, used 162345K [0x0000000700000000, 0x0000000800000000)
  region size 2048K, 25 young (51200K), 2 survivors (4096K)
 Metaspace       used 102537K, committed 103424K, reserved 1179648K
  class space    used 14307K, committed 14720K, reserved 1048576K
}
Event: 20.646 GC heap after
{Heap after GC invocations=57 (full 0):
 garbage-first heap   total 202752K, used 120594K [0x0000000700000000, 0x0000000800000000)
  region size 2048K, 3 young (6144K), 3 survivors (6144K)
 Metaspace       used 102537K, committed 103424K, reserved 1179648K
  class space    used 14307K, committed 14720K, reserved 1048576K
}
Event: 312.081 GC heap before
{Heap before GC invocations=58 (full 0):
 garbage-first heap   total 208896K, used 165650K [0x0000000700000000, 0x0000000800000000)
  region size 2048K, 25 young (51200K), 3 survivors (6144K)
 Metaspace       used 104111K, committed 105024K, reserved 1179648K
  class space    used 14540K, committed 14976K, reserved 1048576K
}
Event: 312.203 GC heap after
{Heap after GC invocations=59 (full 0):
 garbage-first heap   total 208896K, used 122654K [0x0000000700000000, 0x0000000800000000)
  region size 2048K, 3 young (6144K), 3 survivors (6144K)
 Metaspace       used 104111K, committed 105024K, reserved 1179648K
  class space    used 14540K, committed 14976K, reserved 1048576K
}
Event: 314.712 GC heap before
{Heap before GC invocations=59 (full 0):
 garbage-first heap   total 208896K, used 169758K [0x0000000700000000, 0x0000000800000000)
  region size 2048K, 27 young (55296K), 3 survivors (6144K)
 Metaspace       used 109925K, committed 110848K, reserved 1179648K
  class space    used 15261K, committed 15680K, reserved 1048576K
}
Event: 314.737 GC heap after
{Heap after GC invocations=60 (full 0):
 garbage-first heap   total 208896K, used 128220K [0x0000000700000000, 0x0000000800000000)
  region size 2048K, 4 young (8192K), 4 survivors (8192K)
 Metaspace       used 109925K, committed 110848K, reserved 1179648K
  class space    used 15261K, committed 15680K, reserved 1048576K
}
Event: 315.758 GC heap before
{Heap before GC invocations=61 (full 0):
 garbage-first heap   total 235520K, used 167132K [0x0000000700000000, 0x0000000800000000)
  region size 2048K, 24 young (49152K), 4 survivors (8192K)
 Metaspace       used 110195K, committed 111104K, reserved 1179648K
  class space    used 15268K, committed 15680K, reserved 1048576K
}
Event: 315.775 GC heap after
{Heap after GC invocations=62 (full 0):
 garbage-first heap   total 235520K, used 131534K [0x0000000700000000, 0x0000000800000000)
  region size 2048K, 2 young (4096K), 2 survivors (4096K)
 Metaspace       used 110195K, committed 111104K, reserved 1179648K
  class space    used 15268K, committed 15680K, reserved 1048576K
}
Event: 316.057 GC heap before
{Heap before GC invocations=62 (full 0):
 garbage-first heap   total 235520K, used 137678K [0x0000000700000000, 0x0000000800000000)
  region size 2048K, 5 young (10240K), 2 survivors (4096K)
 Metaspace       used 110271K, committed 111168K, reserved 1179648K
  class space    used 15272K, committed 15680K, reserved 1048576K
}
Event: 316.083 GC heap after
{Heap after GC invocations=63 (full 0):
 garbage-first heap   total 235520K, used 133120K [0x0000000700000000, 0x0000000800000000)
  region size 2048K, 1 young (2048K), 1 survivors (2048K)
 Metaspace       used 110271K, committed 111168K, reserved 1179648K
  class space    used 15272K, committed 15680K, reserved 1048576K
}

